[16:25:26] [main/INFO]: Extra: []
[16:25:26] [main/INFO]: Running with arguments: [--userProperties, {}, --assetsDir, C:/Users/anime4life/.gradle/caches/minecraft/assets, --assetIndex, 1.8, --accessToken{REDACTED}, --version, 1.8.9, --tweakClass, net.minecraftforge.fml.common.launcher.FMLTweaker, --tweakClass, net.minecraftforge.gradle.tweakers.CoremodTweaker]
[16:25:26] [main/INFO]: Loading tweak class name net.minecraftforge.fml.common.launcher.FMLTweaker
[16:25:26] [main/INFO]: Using primary tweak class name net.minecraftforge.fml.common.launcher.FMLTweaker
[16:25:26] [main/INFO]: Loading tweak class name net.minecraftforge.gradle.tweakers.CoremodTweaker
[16:25:26] [main/INFO]: Calling tweak class net.minecraftforge.fml.common.launcher.FMLTweaker
[16:25:26] [main/INFO]: Forge Mod Loader version 11.15.1.2318 for Minecraft 1.8.9 loading
[16:25:26] [main/INFO]: Java is Java HotSpot(TM) 64-Bit Server VM, version 1.8.0_291, running on Windows 10:amd64:10.0, installed at C:\Program Files\Java\jdk1.8.0_291\jre
[16:25:26] [main/INFO]: Managed to load a deobfuscated Minecraft name- we are in a deobfuscated environment. Skipping runtime deobfuscation
[16:25:26] [main/INFO]: Calling tweak class net.minecraftforge.gradle.tweakers.CoremodTweaker
[16:25:26] [main/INFO]: Injecting location in coremod net.minecraftforge.fml.relauncher.FMLCorePlugin
[16:25:26] [main/INFO]: Injecting location in coremod net.minecraftforge.classloading.FMLForgePlugin
[16:25:26] [main/INFO]: Loading tweak class name net.minecraftforge.fml.common.launcher.FMLInjectionAndSortingTweaker
[16:25:26] [main/INFO]: Loading tweak class name net.minecraftforge.fml.common.launcher.FMLDeobfTweaker
[16:25:26] [main/INFO]: Loading tweak class name net.minecraftforge.gradle.tweakers.AccessTransformerTweaker
[16:25:26] [main/INFO]: Calling tweak class net.minecraftforge.fml.common.launcher.FMLInjectionAndSortingTweaker
[16:25:26] [main/INFO]: Calling tweak class net.minecraftforge.fml.common.launcher.FMLInjectionAndSortingTweaker
[16:25:26] [main/INFO]: Calling tweak class net.minecraftforge.fml.relauncher.CoreModManager$FMLPluginWrapper
[16:25:26] [main/ERROR]: The binary patch set is missing. Either you are in a development environment, or things are not going to work!
[16:25:28] [main/ERROR]: FML appears to be missing any signature data. This is not a good thing
[16:25:28] [main/INFO]: Calling tweak class net.minecraftforge.fml.relauncher.CoreModManager$FMLPluginWrapper
[16:25:28] [main/INFO]: Calling tweak class net.minecraftforge.fml.common.launcher.FMLDeobfTweaker
[16:25:29] [main/INFO]: Calling tweak class net.minecraftforge.gradle.tweakers.AccessTransformerTweaker
[16:25:29] [main/INFO]: Loading tweak class name net.minecraftforge.fml.common.launcher.TerminalTweaker
[16:25:29] [main/INFO]: Calling tweak class net.minecraftforge.fml.common.launcher.TerminalTweaker
[16:25:29] [main/INFO]: Launching wrapped minecraft {net.minecraft.client.main.Main}
[16:25:30] [Client thread/INFO]: Setting user: Player163
